<?xml version="1.0" encoding="UTF-8"?>
<!-- Generated by org.testng.reporters.JUnitReportReporter -->
<testsuite hostname="Amol" failures="0" tests="8" name="com.aipune.testng.basic.AttributesOfTheAnnotations" time="0.124" errors="0" timestamp="2021-12-24T01:04:02 IST" skipped="0">
  <testcase classname="com.aipune.testng.basic.AttributesOfTheAnnotations" name="P" time="0.011"/>
  <system-out/>
  <testcase classname="com.aipune.testng.basic.AttributesOfTheAnnotations" name="d" time="0.053"/>
  <system-out/>
  <testcase classname="com.aipune.testng.basic.AttributesOfTheAnnotations" name="e" time="0.008"/>
  <system-out/>
  <testcase classname="com.aipune.testng.basic.AttributesOfTheAnnotations" name="a" time="0.006"/>
  <system-out/>
  <testcase classname="com.aipune.testng.basic.AttributesOfTheAnnotations" name="m" time="0.006"/>
  <system-out/>
  <testcase classname="com.aipune.testng.basic.AttributesOfTheAnnotations" name="s" time="0.013"/>
  <system-out/>
  <testcase classname="com.aipune.testng.basic.AttributesOfTheAnnotations" name="c" time="0.009"/>
  <system-out/>
  <testcase classname="com.aipune.testng.basic.AttributesOfTheAnnotations" name="x" time="0.018"/>
  <system-out/>
</testsuite> <!-- com.aipune.testng.basic.AttributesOfTheAnnotations -->
