<?xml version="1.0" encoding="UTF-8"?>
<!-- Generated by org.testng.reporters.JUnitReportReporter -->
<testsuite hostname="Amol" failures="0" tests="3" name="com.aipune.testng.basic.TestNGTest" time="0.073" errors="0" timestamp="2022-02-27T20:51:35 IST" skipped="0">
  <testcase classname="com.aipune.testng.basic.TestNGTest" name="testCase1" time="0.041"/>
  <system-out/>
  <testcase classname="com.aipune.testng.basic.TestNGTest" name="testCase3" time="0.020"/>
  <system-out/>
  <testcase classname="com.aipune.testng.basic.TestNGTest" name="testCase2" time="0.012"/>
  <system-out/>
</testsuite> <!-- com.aipune.testng.basic.TestNGTest -->
