<?xml version="1.0" encoding="UTF-8"?>
<!-- Generated by org.testng.reporters.JUnitReportReporter -->
<testsuite hostname="Amol" failures="0" tests="1" name="com.aipune.testng.basic.TestNGAssert" time="41.001" errors="0" timestamp="2021-12-23T21:27:01 IST" skipped="0">
  <testcase classname="com.aipune.testng.basic.TestNGAssert" name="verifyHomepageTitle" time="41.001"/>
  <system-out/>
</testsuite> <!-- com.aipune.testng.basic.TestNGAssert -->
