<?xml version="1.0" encoding="UTF-8"?>
<!-- Generated by org.testng.reporters.JUnitReportReporter -->
<testsuite hostname="Amol" failures="0" tests="1" name="com.aipune.testng.basic.CrossBrowserTesting" time="0.285" errors="0" timestamp="2021-12-26T16:44:38 IST" skipped="0">
  <testcase classname="com.aipune.testng.basic.CrossBrowserTesting" name="verifyPageTitle" time="0.285"/>
  <system-out/>
</testsuite> <!-- com.aipune.testng.basic.CrossBrowserTesting -->
