<?xml version="1.0" encoding="UTF-8"?>
<!-- Generated by org.testng.reporters.JUnitReportReporter -->
<testsuite hostname="Amol" failures="0" tests="1" name="com.aipune.testng.basic.NewTestBasic" time="0.073" errors="0" timestamp="2021-12-23T18:10:14 IST" skipped="0">
  <testcase classname="com.aipune.testng.basic.NewTestBasic" name="test" time="0.073"/>
  <system-out/>
</testsuite> <!-- com.aipune.testng.basic.NewTestBasic -->
